\BOOKMARK [1][-]{section.1}{\376\377\000\111\000\156\000\164\000\162\000\157\000\144\000\165\000\143\000\164\000\151\000\157\000\156}{}% 1
\BOOKMARK [1][-]{section.2}{\376\377\000\123\000\157\000\154\000\165\000\164\000\151\000\157\000\156}{}% 2
\BOOKMARK [2][-]{subsection.2.1}{\376\377\000\107\000\154\000\157\000\126\000\145\000\040\000\127\000\157\000\162\000\144\000\040\000\105\000\155\000\142\000\145\000\144\000\144\000\151\000\156\000\147}{section.2}% 3
\BOOKMARK [2][-]{subsection.2.2}{\376\377\000\103\000\157\000\156\000\166\000\157\000\154\000\165\000\164\000\151\000\157\000\156\000\141\000\154\000\040\000\116\000\145\000\165\000\162\000\141\000\154\000\040\000\116\000\145\000\164\000\167\000\157\000\162\000\153}{section.2}% 4
\BOOKMARK [3][-]{subsubsection.2.2.1}{\376\377\000\103\000\157\000\156\000\166\000\157\000\154\000\165\000\164\000\151\000\157\000\156\000\141\000\154\000\040\000\114\000\141\000\171\000\145\000\162}{subsection.2.2}% 5
\BOOKMARK [3][-]{subsubsection.2.2.2}{\376\377\000\120\000\157\000\157\000\154\000\151\000\156\000\147\000\040\000\114\000\141\000\171\000\145\000\162}{subsection.2.2}% 6
\BOOKMARK [3][-]{subsubsection.2.2.3}{\376\377\000\117\000\165\000\164\000\163\000\164\000\141\000\156\000\144\000\151\000\156\000\147\000\040\000\106\000\145\000\141\000\164\000\165\000\162\000\145\000\163}{subsection.2.2}% 7
\BOOKMARK [2][-]{subsection.2.3}{\376\377\000\123\000\164\000\162\000\165\000\143\000\164\000\165\000\162\000\145}{section.2}% 8
\BOOKMARK [3][-]{subsubsection.2.3.1}{\376\377\000\105\000\155\000\142\000\145\000\144\000\144\000\151\000\156\000\147\000\040\000\114\000\141\000\171\000\145\000\162}{subsection.2.3}% 9
\BOOKMARK [3][-]{subsubsection.2.3.2}{\376\377\000\103\000\157\000\156\000\166\000\157\000\154\000\165\000\164\000\151\000\157\000\156\000\141\000\154\000\040\000\114\000\141\000\171\000\145\000\162}{subsection.2.3}% 10
\BOOKMARK [3][-]{subsubsection.2.3.3}{\376\377\000\122\000\145\000\114\000\165\000\040\000\114\000\141\000\171\000\145\000\162}{subsection.2.3}% 11
\BOOKMARK [3][-]{subsubsection.2.3.4}{\376\377\000\120\000\157\000\157\000\154\000\151\000\156\000\147\000\040\000\114\000\141\000\171\000\145\000\162}{subsection.2.3}% 12
\BOOKMARK [3][-]{subsubsection.2.3.5}{\376\377\000\103\000\157\000\156\000\143\000\141\000\164\000\145\000\156\000\141\000\164\000\151\000\157\000\156\000\040\000\141\000\156\000\144\000\040\000\106\000\154\000\141\000\164\000\164\000\145\000\156\000\151\000\156\000\147\000\040\000\114\000\141\000\171\000\145\000\162}{subsection.2.3}% 13
\BOOKMARK [3][-]{subsubsection.2.3.6}{\376\377\000\120\000\162\000\145\000\144\000\151\000\143\000\164\000\151\000\157\000\156\000\163\000\040\000\141\000\156\000\144\000\040\000\114\000\157\000\163\000\163\000\040\000\146\000\165\000\156\000\143\000\164\000\151\000\157\000\156}{subsection.2.3}% 14
\BOOKMARK [3][-]{subsubsection.2.3.7}{\376\377\000\104\000\162\000\157\000\160\000\157\000\165\000\164\000\040\000\141\000\156\000\144\000\040\000\114\000\145\000\141\000\162\000\156\000\151\000\156\000\147\000\040\000\162\000\141\000\164\000\145\000\040\000\144\000\145\000\143\000\141\000\171}{subsection.2.3}% 15
\BOOKMARK [1][-]{section.3}{\376\377\000\105\000\170\000\160\000\145\000\162\000\151\000\155\000\145\000\156\000\164\000\163}{}% 16
\BOOKMARK [2][-]{subsection.3.1}{\376\377\000\104\000\141\000\164\000\141\000\163\000\145\000\164}{section.3}% 17
\BOOKMARK [2][-]{subsection.3.2}{\376\377\000\105\000\170\000\160\000\145\000\162\000\151\000\155\000\145\000\156\000\164\000\141\000\154\000\040\000\163\000\145\000\164\000\165\000\160}{section.3}% 18
\BOOKMARK [3][-]{subsubsection.3.2.1}{\376\377\000\124\000\145\000\156\000\163\000\157\000\162\000\146\000\154\000\157\000\167}{subsection.3.2}% 19
\BOOKMARK [3][-]{subsubsection.3.2.2}{\376\377\000\103\000\125\000\104\000\101}{subsection.3.2}% 20
\BOOKMARK [2][-]{subsection.3.3}{\376\377\000\105\000\170\000\160\000\145\000\162\000\151\000\155\000\145\000\156\000\164\000\141\000\154\000\040\000\122\000\145\000\163\000\165\000\154\000\164\000\163}{section.3}% 21
\BOOKMARK [2][-]{subsection.3.4}{\376\377\000\122\000\145\000\163\000\165\000\154\000\164\000\163\000\040\000\101\000\156\000\141\000\154\000\171\000\163\000\151\000\163}{section.3}% 22
\BOOKMARK [2][-]{subsection.3.5}{\376\377\000\106\000\145\000\141\000\164\000\165\000\162\000\145\000\040\000\127\000\157\000\162\000\153\000\163}{section.3}% 23
\BOOKMARK [1][-]{section.4}{\376\377\000\103\000\157\000\156\000\143\000\154\000\165\000\163\000\151\000\157\000\156}{}% 24
